<?xml version="1.0" encoding="utf-8"?><testsuites><testsuite name="pytest" errors="0" failures="0" skipped="0" tests="30" time="447.562" timestamp="2026-05-07T16:48:29.378108" hostname="UdayChittaluri"><testcase classname="tests.test_e2e.TestE2E" name="test_ui_create_api_verify" time="27.942" /><testcase classname="tests.test_e2e.TestE2E" name="test_api_delete_ui_verify" time="31.970" /><testcase classname="tests.test_e2e.TestE2E" name="test_full_crud_hybrid" time="38.647" /><testcase classname="tests.test_e2e.TestE2E" name="test_ui_page_load_performance" time="13.815" /><testcase classname="tests.test_login.TestLogin" name="test_valid_login" time="10.321" /><testcase classname="tests.test_login.TestLogin" name="test_login_redirects_to_notes" time="9.953" /><testcase classname="tests.test_login.TestLogin" name="test_invalid_email" time="20.607" /><testcase classname="tests.test_login.TestLogin" name="test_invalid_password" time="20.087" /><testcase classname="tests.test_login.TestLogin" name="test_empty_email" time="20.189" /><testcase classname="tests.test_login.TestLogin" name="test_empty_password" time="20.000" /><testcase classname="tests.test_login.TestLogin" name="test_both_fields_empty" time="19.756" /><testcase classname="tests.test_login.TestLogin" name="test_login_page_elements_displayed" time="8.044" /><testcase classname="tests.test_notes_api.TestNotesAPI" name="test_api_health_check" time="1.026" /><testcase classname="tests.test_notes_api.TestNotesAPI" name="test_get_all_notes" time="2.246" /><testcase classname="tests.test_notes_api.TestNotesAPI" name="test_get_notes_returns_list" time="2.314" /><testcase classname="tests.test_notes_api.TestNotesAPI" name="test_create_note_api" time="2.225" /><testcase classname="tests.test_notes_api.TestNotesAPI" name="test_get_note_by_id" time="2.482" /><testcase classname="tests.test_notes_api.TestNotesAPI" name="test_delete_note_api" time="3.533" /><testcase classname="tests.test_notes_api.TestNotesAPI" name="test_update_note_api" time="3.176" /><testcase classname="tests.test_notes_api.TestNotesAPI" name="test_get_notes_response_time" time="2.282" /><testcase classname="tests.test_notes_api.TestNotesAPI" name="test_create_note_response_time" time="2.220" /><testcase classname="tests.test_notes_api.TestNotesAPI" name="test_get_notes_without_auth" time="0.531" /><testcase classname="tests.test_notes_api.TestNotesAPI" name="test_delete_nonexistent_note" time="2.656" /><testcase classname="tests.test_notes_api.TestNotesAPI" name="test_note_response_schema" time="2.539" /><testcase classname="tests.test_notes_ui.TestNotesUI" name="test_create_note_home_category" time="14.331" /><testcase classname="tests.test_notes_ui.TestNotesUI" name="test_create_note_work_category" time="15.787" /><testcase classname="tests.test_notes_ui.TestNotesUI" name="test_create_note_personal_category" time="16.511" /><testcase classname="tests.test_notes_ui.TestNotesUI" name="test_note_appears_instantly_after_creation" time="29.124" /><testcase classname="tests.test_notes_ui.TestNotesUI" name="test_multiple_notes_creation" time="24.786" /><testcase classname="tests.test_notes_ui.TestNotesUI" name="test_delete_note_via_ui" time="37.670" /></testsuite></testsuites>