<?xml version="1.0" encoding="utf-8"?><testsuites><testsuite name="pytest" errors="0" failures="0" skipped="0" tests="30" time="458.218" timestamp="2026-05-07T09:18:58.258502" hostname="UdayChittaluri"><testcase classname="tests.test_e2e.TestE2E" name="test_ui_create_api_verify" time="19.459" /><testcase classname="tests.test_e2e.TestE2E" name="test_api_delete_ui_verify" time="29.328" /><testcase classname="tests.test_e2e.TestE2E" name="test_full_crud_hybrid" time="40.333" /><testcase classname="tests.test_e2e.TestE2E" name="test_ui_page_load_performance" time="15.483" /><testcase classname="tests.test_login.TestLogin" name="test_valid_login" time="10.439" /><testcase classname="tests.test_login.TestLogin" name="test_login_redirects_to_notes" time="10.283" /><testcase classname="tests.test_login.TestLogin" name="test_invalid_email" time="19.919" /><testcase classname="tests.test_login.TestLogin" name="test_invalid_password" time="21.509" /><testcase classname="tests.test_login.TestLogin" name="test_empty_email" time="21.002" /><testcase classname="tests.test_login.TestLogin" name="test_empty_password" time="20.462" /><testcase classname="tests.test_login.TestLogin" name="test_both_fields_empty" time="21.356" /><testcase classname="tests.test_login.TestLogin" name="test_login_page_elements_displayed" time="9.264" /><testcase classname="tests.test_notes_api.TestNotesAPI" name="test_api_health_check" time="0.598" /><testcase classname="tests.test_notes_api.TestNotesAPI" name="test_get_all_notes" time="4.288" /><testcase classname="tests.test_notes_api.TestNotesAPI" name="test_get_notes_returns_list" time="3.067" /><testcase classname="tests.test_notes_api.TestNotesAPI" name="test_create_note_api" time="2.449" /><testcase classname="tests.test_notes_api.TestNotesAPI" name="test_get_note_by_id" time="3.074" /><testcase classname="tests.test_notes_api.TestNotesAPI" name="test_delete_note_api" time="3.072" /><testcase classname="tests.test_notes_api.TestNotesAPI" name="test_update_note_api" time="3.692" /><testcase classname="tests.test_notes_api.TestNotesAPI" name="test_get_notes_response_time" time="2.526" /><testcase classname="tests.test_notes_api.TestNotesAPI" name="test_create_note_response_time" time="2.378" /><testcase classname="tests.test_notes_api.TestNotesAPI" name="test_get_notes_without_auth" time="0.616" /><testcase classname="tests.test_notes_api.TestNotesAPI" name="test_delete_nonexistent_note" time="2.772" /><testcase classname="tests.test_notes_api.TestNotesAPI" name="test_note_response_schema" time="2.535" /><testcase classname="tests.test_notes_ui.TestNotesUI" name="test_create_note_home_category" time="18.281" /><testcase classname="tests.test_notes_ui.TestNotesUI" name="test_create_note_work_category" time="17.365" /><testcase classname="tests.test_notes_ui.TestNotesUI" name="test_create_note_personal_category" time="17.748" /><testcase classname="tests.test_notes_ui.TestNotesUI" name="test_note_appears_instantly_after_creation" time="28.819" /><testcase classname="tests.test_notes_ui.TestNotesUI" name="test_multiple_notes_creation" time="27.477" /><testcase classname="tests.test_notes_ui.TestNotesUI" name="test_delete_note_via_ui" time="37.870" /></testsuite></testsuites>